-----------------------------------------------------------------------------

Input image     : out_convolved_fg3_m12_0_170.fits[1:202,1:202] 
Init. par. file : galfit.feedme_fg3_m12_0_170 
Restart file    : galfit.01 
Output image    : out_fg3_m12_0_170.fits 

 sersic    : (  100.65,   100.65)   12.87     18.48    4.17    0.87   -88.29
             (    0.01,     0.01)    0.01      0.32    0.04    0.00     0.88
 sky       : [101.50, 101.50]  5.90e-01  [0.00e+00]  [0.00e+00]
                                4.23e-02  [0.00e+00]  [0.00e+00]
 Chi^2 = 101138.76559,  ndof = 40796
 Chi^2/nu = 2.479 

-----------------------------------------------------------------------------
-----------------------------------------------------------------------------

Input image     : out_convolved_fg3_m12_0_170.fits[1:202,1:202] 
Init. par. file : galfit.feedme_fg3_m12_0_170 
Restart file    : galfit.02 
Output image    : out_fg3_m12_0_170.fits 

 sersic    : (  100.64,   100.65)   12.88     18.21    4.15    0.87   -88.14
             (    0.01,     0.01)    0.01      0.32    0.04    0.00     0.91
 sky       : [101.50, 101.50]  6.24e-01  [0.00e+00]  [0.00e+00]
                                4.23e-02  [0.00e+00]  [0.00e+00]
 Chi^2 = 101136.43525,  ndof = 40796
 Chi^2/nu = 2.479 

-----------------------------------------------------------------------------
-----------------------------------------------------------------------------

Input image     : out_convolved_fg3_m12_0_170.fits[1:202,1:202] 
Init. par. file : galfit.feedme_fg3_m12_0_170 
Restart file    : galfit.03 
Output image    : out_fg3_m12_0_170.fits 

 sersic    : (  100.65,   100.65)   12.88     18.26    4.15    0.87   -88.84
             (    0.01,     0.01)    0.01      0.32    0.04    0.00     0.88
 sky       : [101.50, 101.50]  6.16e-01  [0.00e+00]  [0.00e+00]
                                4.22e-02  [0.00e+00]  [0.00e+00]
 Chi^2 = 100675.87991,  ndof = 40796
 Chi^2/nu = 2.468 

-----------------------------------------------------------------------------
